<?xml version="1.0" encoding="UTF-8"?>
<!-- Generated by org.testng.reporters.JUnitXMLReporter -->
<testsuite ignored="1" hostname="DESKTOP-7OK20NU" failures="0" tests="13" name="Default test" time="326.235" errors="0" timestamp="2024-09-09T22:32:36 EET">
  <testcase classname="Home.BookingMainClass" name="VerifyDefaultLanguage" time="20.128"/>
  <testcase classname="Home.BookingMainClass" name="VerifyDefaultCurrency" time="20.066"/>
  <testcase classname="Home.BookingMainClass" name="FlightsTabIsNotSelected" time="20.124"/>
  <testcase classname="Home.BookingMainClass" name="VerifyCustomerSupportlinkinHeader" time="20.079"/>
  <testcase classname="Home.BookingMainClass" name="CheckInCheckOut" time="21.786"/>
  <testcase classname="Home.BookingMainClass" name="SearchforHotels" time="30.319"/>
  <testcase classname="Home.BookingMainClass" name="SelectRooms" time="20.646"/>
  <testcase classname="Home.BookingMainClass" name="Search" time="6.949"/>
  <testcase classname="Home.BookingMainClass" name="filter" time="20.929"/>
  <testcase classname="Home.BookingMainClass" name="filter2" time="20.482"/>
  <testcase classname="Home.BookingMainClass" name="filter3" time="20.36"/>
  <testcase classname="Home.BookingMainClass" name="filter4" time="20.706"/>
  <testcase classname="Home.BookingMainClass" name="Sort" time="20.528"/>
  <testcase classname="Home.BookingMainClass" name="ChangeLanguage" time="0.0">
    <ignored/>
  </testcase> <!-- ChangeLanguage -->
</testsuite> <!-- Default test -->
