<?xml version="1.0" encoding="UTF-8"?>
<!-- Generated by org.testng.reporters.JUnitXMLReporter -->
<testsuite ignored="5" hostname="DESKTOP-7OK20NU" failures="0" tests="8" name="Default test" time="260.793" errors="0" timestamp="2024-09-08T21:59:41 EET">
  <testcase classname="Home.BookingMainClass" name="CheckInCheckOut" time="21.603"/>
  <testcase classname="Home.BookingMainClass" name="SearchforHotels" time="30.351"/>
  <testcase classname="Home.BookingMainClass" name="SelectRooms" time="20.576"/>
  <testcase classname="Home.BookingMainClass" name="Search" time="25.24"/>
  <testcase classname="Home.BookingMainClass" name="filter" time="20.751"/>
  <testcase classname="Home.BookingMainClass" name="filter2" time="20.275"/>
  <testcase classname="Home.BookingMainClass" name="filter3" time="20.29"/>
  <testcase classname="Home.BookingMainClass" name="filter4" time="20.609"/>
  <testcase classname="Home.BookingMainClass" name="ChangeLanguage" time="0.0">
    <ignored/>
  </testcase> <!-- ChangeLanguage -->
  <testcase classname="Home.BookingMainClass" name="VerifyCustomerSupportlinkinHeader" time="0.0">
    <ignored/>
  </testcase> <!-- VerifyCustomerSupportlinkinHeader -->
  <testcase classname="Home.BookingMainClass" name="VerifyDefaultLanguage" time="0.0">
    <ignored/>
  </testcase> <!-- VerifyDefaultLanguage -->
  <testcase classname="Home.BookingMainClass" name="VerifyDefaultCurrency" time="0.0">
    <ignored/>
  </testcase> <!-- VerifyDefaultCurrency -->
  <testcase classname="Home.BookingMainClass" name="FlightsTabIsNotSelected" time="0.0">
    <ignored/>
  </testcase> <!-- FlightsTabIsNotSelected -->
</testsuite> <!-- Default test -->
