<?xml version="1.0" encoding="UTF-8"?>
<testng-results ignored="5" total="13" passed="8" failed="0" skipped="0">
  <reporter-output>
  </reporter-output>
  <suite started-at="2024-09-08T21:55:20 EET" name="Default suite" finished-at="2024-09-08T21:59:41 EET" duration-ms="260793">
    <groups>
    </groups>
    <test started-at="2024-09-08T21:55:20 EET" name="Default test" finished-at="2024-09-08T21:59:41 EET" duration-ms="260793">
      <class name="Home.BookingMainClass">
        <test-method is-config="true" signature="mysetup()[pri:0, instance:Home.BookingMainClass@56f6d40b]" started-at="2024-09-08T21:55:20 EET" name="mysetup" finished-at="2024-09-08T21:56:41 EET" duration-ms="81064" status="PASS">
          <reporter-output>
          </reporter-output>
        </test-method> <!-- mysetup -->
        <test-method signature="CheckInCheckOut()[pri:6, instance:Home.BookingMainClass@56f6d40b]" started-at="2024-09-08T21:56:41 EET" name="CheckInCheckOut" finished-at="2024-09-08T21:57:03 EET" duration-ms="21603" status="PASS">
          <reporter-output>
          </reporter-output>
        </test-method> <!-- CheckInCheckOut -->
        <test-method signature="SearchforHotels()[pri:7, instance:Home.BookingMainClass@56f6d40b]" started-at="2024-09-08T21:57:03 EET" name="SearchforHotels" finished-at="2024-09-08T21:57:33 EET" duration-ms="30351" status="PASS">
          <reporter-output>
          </reporter-output>
        </test-method> <!-- SearchforHotels -->
        <test-method signature="SelectRooms()[pri:8, instance:Home.BookingMainClass@56f6d40b]" started-at="2024-09-08T21:57:33 EET" name="SelectRooms" finished-at="2024-09-08T21:57:54 EET" duration-ms="20576" status="PASS">
          <reporter-output>
          </reporter-output>
        </test-method> <!-- SelectRooms -->
        <test-method signature="Search()[pri:9, instance:Home.BookingMainClass@56f6d40b]" started-at="2024-09-08T21:57:54 EET" name="Search" finished-at="2024-09-08T21:58:19 EET" duration-ms="25240" status="PASS">
          <reporter-output>
          </reporter-output>
        </test-method> <!-- Search -->
        <test-method signature="filter()[pri:10, instance:Home.BookingMainClass@56f6d40b]" started-at="2024-09-08T21:58:19 EET" name="filter" finished-at="2024-09-08T21:58:40 EET" duration-ms="20751" status="PASS">
          <reporter-output>
          </reporter-output>
        </test-method> <!-- filter -->
        <test-method signature="filter2()[pri:11, instance:Home.BookingMainClass@56f6d40b]" started-at="2024-09-08T21:58:40 EET" name="filter2" finished-at="2024-09-08T21:59:00 EET" duration-ms="20275" status="PASS">
          <reporter-output>
          </reporter-output>
        </test-method> <!-- filter2 -->
        <test-method signature="filter3()[pri:12, instance:Home.BookingMainClass@56f6d40b]" started-at="2024-09-08T21:59:00 EET" name="filter3" finished-at="2024-09-08T21:59:21 EET" duration-ms="20290" status="PASS">
          <reporter-output>
          </reporter-output>
        </test-method> <!-- filter3 -->
        <test-method signature="filter4()[pri:13, instance:Home.BookingMainClass@56f6d40b]" started-at="2024-09-08T21:59:21 EET" name="filter4" finished-at="2024-09-08T21:59:41 EET" duration-ms="20609" status="PASS">
          <reporter-output>
          </reporter-output>
        </test-method> <!-- filter4 -->
      </class> <!-- Home.BookingMainClass -->
    </test> <!-- Default test -->
  </suite> <!-- Default suite -->
</testng-results>
